<?xml version="1.0" encoding="UTF-8"?>
<testsuite xmlns:xsi="http://www.w3.org/2001/XMLSchema-instance" xsi:noNamespaceSchemaLocation="https://maven.apache.org/surefire/maven-surefire-plugin/xsd/surefire-test-report.xsd" name="com.mycompany.app.AppTest" time="0.08" tests="1" errors="0" skipped="0" failures="0">
  <properties>
    <property name="sun.desktop" value="windows"/>
    <property name="awt.toolkit" value="sun.awt.windows.WToolkit"/>
    <property name="java.specification.version" value="12"/>
    <property name="sun.cpu.isalist" value="amd64"/>
    <property name="sun.jnu.encoding" value="Cp1252"/>
    <property name="java.class.path" value="C:\Users\RachelleBondad\Desktop\MVN_PROJ\my-app\target\test-classes;C:\Users\RachelleBondad\Desktop\MVN_PROJ\my-app\target\classes;C:\Users\RachelleBondad\.m2\repository\junit\junit\4.11\junit-4.11.jar;C:\Users\RachelleBondad\.m2\repository\org\hamcrest\hamcrest-core\1.3\hamcrest-core-1.3.jar;"/>
    <property name="java.vm.vendor" value="Oracle Corporation"/>
    <property name="sun.arch.data.model" value="64"/>
    <property name="user.variant" value=""/>
    <property name="java.vendor.url" value="https://java.oracle.com/"/>
    <property name="user.timezone" value="Asia/Manila"/>
    <property name="os.name" value="Windows 10"/>
    <property name="java.vm.specification.version" value="12"/>
    <property name="sun.java.launcher" value="SUN_STANDARD"/>
    <property name="user.country" value="PH"/>
    <property name="sun.boot.library.path" value="C:\Program Files (x86)\Java\jdk-12\bin"/>
    <property name="sun.java.command" value="C:\Users\RACHEL~1\AppData\Local\Temp\surefire11253857633297007688\surefirebooter7921175059653765529.jar C:\Users\RachelleBondad\AppData\Local\Temp\surefire11253857633297007688 2019-03-27T19-37-34_688-jvmRun1 surefire2957768247937040222tmp surefire_015809173485237564961tmp"/>
    <property name="jdk.debug" value="release"/>
    <property name="surefire.test.class.path" value="C:\Users\RachelleBondad\Desktop\MVN_PROJ\my-app\target\test-classes;C:\Users\RachelleBondad\Desktop\MVN_PROJ\my-app\target\classes;C:\Users\RachelleBondad\.m2\repository\junit\junit\4.11\junit-4.11.jar;C:\Users\RachelleBondad\.m2\repository\org\hamcrest\hamcrest-core\1.3\hamcrest-core-1.3.jar;"/>
    <property name="sun.cpu.endian" value="little"/>
    <property name="user.home" value="C:\Users\RachelleBondad"/>
    <property name="user.language" value="en"/>
    <property name="java.specification.vendor" value="Oracle Corporation"/>
    <property name="java.version.date" value="2019-03-19"/>
    <property name="java.home" value="C:\Program Files (x86)\Java\jdk-12"/>
    <property name="file.separator" value="\"/>
    <property name="basedir" value="C:\Users\RachelleBondad\Desktop\MVN_PROJ\my-app"/>
    <property name="java.vm.compressedOopsMode" value="32-bit"/>
    <property name="line.separator" value="&#10;"/>
    <property name="java.vm.specification.vendor" value="Oracle Corporation"/>
    <property name="java.specification.name" value="Java Platform API Specification"/>
    <property name="java.awt.graphicsenv" value="sun.awt.Win32GraphicsEnvironment"/>
    <property name="surefire.real.class.path" value="C:\Users\RACHEL~1\AppData\Local\Temp\surefire11253857633297007688\surefirebooter7921175059653765529.jar"/>
    <property name="user.script" value=""/>
    <property name="sun.management.compiler" value="HotSpot 64-Bit Tiered Compilers"/>
    <property name="java.runtime.version" value="12+33"/>
    <property name="user.name" value="RachelleBondad"/>
    <property name="path.separator" value=";"/>
    <property name="os.version" value="10.0"/>
    <property name="java.runtime.name" value="Java(TM) SE Runtime Environment"/>
    <property name="file.encoding" value="Cp1252"/>
    <property name="java.vm.name" value="Java HotSpot(TM) 64-Bit Server VM"/>
    <property name="localRepository" value="C:\Users\RachelleBondad\.m2\repository"/>
    <property name="java.vendor.url.bug" value="https://bugreport.java.com/bugreport/"/>
    <property name="java.io.tmpdir" value="C:\Users\RACHEL~1\AppData\Local\Temp\"/>
    <property name="java.version" value="12"/>
    <property name="user.dir" value="C:\Users\RachelleBondad\Desktop\MVN_PROJ\my-app"/>
    <property name="os.arch" value="amd64"/>
    <property name="java.vm.specification.name" value="Java Virtual Machine Specification"/>
    <property name="sun.os.patch.level" value=""/>
    <property name="java.library.path" value="C:\Program Files (x86)\Java\jdk-12\bin;C:\WINDOWS\Sun\Java\bin;C:\WINDOWS\system32;C:\WINDOWS;C:\ProgramData\Oracle\Java\javapath;C:\WINDOWS\system32;C:\WINDOWS;C:\WINDOWS\System32\Wbem;C:\WINDOWS\System32\WindowsPowerShell\v1.0\;C:\WINDOWS\System32\OpenSSH\;C:\Program Files (x86)\Webex\Webex\Applications;C:\opt\sensu\\bin;C:\Program Files\PuTTY\;C:\Program Files (x86)\Java\jdk-12\bin;C:\Program Files\Git\cmd;C:\Program Files\Git\mingw64\bin;C:\Program Files\Git\usr\bin;C:\Program Files (x86)\apache-maven-3.6.0\bin;&quot;C:\Users\RachelleBondad\AppData\Local\Microsoft\WindowsApps; C:\Program Files (x86)\Java\jre1.8.0_161\bin; C:\Program Files (x86)\apache-maven-3.6.0\bin; C:\Program Files (x86)\Java\jdk-12\bin&quot;;C:\Users\RachelleBondad\AppData\Local\Microsoft\WindowsApps;;."/>
    <property name="java.vm.info" value="mixed mode, sharing"/>
    <property name="java.vendor" value="Oracle Corporation"/>
    <property name="java.vm.version" value="12+33"/>
    <property name="sun.io.unicode.encoding" value="UnicodeLittle"/>
    <property name="java.class.version" value="56.0"/>
  </properties>
  <testcase name="shouldAnswerWithTrue" classname="com.mycompany.app.AppTest" time="0.002"/>
</testsuite>